<?xml version="1.0" encoding="UTF-8"?>
<testng-results ignored="0" total="2" passed="2" failed="0" skipped="0">
  <reporter-output>
  </reporter-output>
  <suite started-at="2023-05-15T20:29:03 EDT" name="Default suite" finished-at="2023-05-15T20:29:05 EDT" duration-ms="1743">
    <groups>
    </groups>
    <test started-at="2023-05-15T20:29:03 EDT" name="Default test" finished-at="2023-05-15T20:29:05 EDT" duration-ms="1743">
      <class name="TestCase.Requests">
        <test-method signature="PostMethod()[pri:0, instance:TestCase.Requests@2beee7ff]" started-at="2023-05-15T20:29:03 EDT" name="PostMethod" finished-at="2023-05-15T20:29:04 EDT" duration-ms="1603" status="PASS">
          <reporter-output>
          </reporter-output>
        </test-method> <!-- PostMethod -->
        <test-method signature="getMethodwithPathParam()[pri:0, instance:TestCase.Requests@2beee7ff]" started-at="2023-05-15T20:29:04 EDT" name="getMethodwithPathParam" finished-at="2023-05-15T20:29:05 EDT" duration-ms="116" status="PASS">
          <reporter-output>
          </reporter-output>
        </test-method> <!-- getMethodwithPathParam -->
      </class> <!-- TestCase.Requests -->
    </test> <!-- Default test -->
  </suite> <!-- Default suite -->
</testng-results>
